Removed Pin From Net: NetName=+5_S Pin=C135-1
Removed Pin From Net: NetName=GND_S Pin=C135-2
Removed Pin From Net: NetName=GND Pin=C136-1
Removed Pin From Net: NetName=+5 Pin=C136-2
Removed Pin From Net: NetName=GND Pin=C137-1
Removed Pin From Net: NetName=+5 Pin=C137-2
Removed Pin From Net: NetName=+5_S Pin=C138-1
Removed Pin From Net: NetName=GND_S Pin=C138-2
Removed Pin From Net: NetName=GND Pin=C139-1
Removed Pin From Net: NetName=+5 Pin=C139-2
Removed Pin From Net: NetName=+5 Pin=D-SubA-1
Removed Pin From Net: NetName=RS232_TXA Pin=D-SubA-2
Removed Pin From Net: NetName=RS232_RXA Pin=D-SubA-3
Removed Pin From Net: NetName=GND Pin=D-SubA-5
Removed Pin From Net: NetName=GND Pin=D-SubA-10
Removed Pin From Net: NetName=GND Pin=D-SubA-11
Removed Pin From Net: NetName=+5 Pin=D-SubB-1
Removed Pin From Net: NetName=RS232_TXB Pin=D-SubB-2
Removed Pin From Net: NetName=RS232_RXB Pin=D-SubB-3
Removed Pin From Net: NetName=GND Pin=D-SubB-5
Removed Pin From Net: NetName=GND Pin=D-SubB-10
Removed Pin From Net: NetName=GND Pin=D-SubB-11
Removed Pin From Net: NetName=+5 Pin=J15-1
Removed Pin From Net: NetName=GND Pin=J15-4
Removed Pin From Net: NetName=GND_S Pin=JP8-3
Removed Pin From Net: NetName=GND_S Pin=JP8-4
Removed Pin From Net: NetName=CALL_HV Pin=JP8-5
Removed Pin From Net: NetName=CALL_SW Pin=JP8-6
Removed Pin From Net: NetName=RS232_RX1 Pin=R29A-2
Removed Pin From Net: NetName=RS232_RX2 Pin=R29B-2
Removed Pin From Net: NetName=RS232_TX1 Pin=R32A-2
Removed Pin From Net: NetName=RS232_TX2 Pin=R32B-2
Removed Pin From Net: NetName=+V_SYS Pin=R82-2
Removed Pin From Net: NetName=GND Pin=TVS1-2
Removed Pin From Net: NetName=+5 Pin=TVS1-5
Removed Pin From Net: NetName=+5_S Pin=U24-1
Removed Pin From Net: NetName=GND_S Pin=U24-2
Removed Pin From Net: NetName=+5_S Pin=U24-3
Removed Pin From Net: NetName=+5_S Pin=U24-4
Removed Pin From Net: NetName=+5_S Pin=U24-5
Removed Pin From Net: NetName=GND_S Pin=U24-8
Removed Pin From Net: NetName=GND Pin=U24-9
Removed Pin From Net: NetName=+5 Pin=U24-12
Removed Pin From Net: NetName=+5 Pin=U24-13
Removed Pin From Net: NetName=+5 Pin=U24-14
Removed Pin From Net: NetName=GND Pin=U24-15
Removed Pin From Net: NetName=+5 Pin=U24-16
Removed Pin From Net: NetName=+3P3_S Pin=U25-1
Removed Pin From Net: NetName=NetC125_1 Pin=U25-7
Removed Pin From Net: NetName=GND_S Pin=U25-12
Removed Pin From Net: NetName=+3P3_S Pin=U25-13
Removed Pin From Net: NetName=GND_S Pin=U25-18
Removed Pin From Net: NetName=+3P3_S Pin=U25-19
Removed Pin From Net: NetName=NetC129_1 Pin=U25-31
Removed Pin From Net: NetName=+3P3_S Pin=U25-32
Removed Pin From Net: NetName=NetC130_1 Pin=U25-47
Removed Pin From Net: NetName=+3P3_S Pin=U25-48
Removed Pin From Net: NetName=NetR31_1 Pin=U25-60
Removed Pin From Net: NetName=GND_S Pin=U25-63
Removed Pin From Net: NetName=+3P3_S Pin=U25-64
Removed Member From Class: ClassName=RS232 Member=D-SubA
Removed Member From Class: ClassName=RS233 Member=D-SubB
Removed Member From Class: ClassName=MAIN Member=U25
Change Component Footprint: Designator=JP8 Old Footprint=JP3-D2T New Footprint=JP3-C2T
Change Component Comment : Designator=J10 Old Comment=BAT New Comment=CHAR
Change Component Kind : Designator=JP7 Old Kind=Standard New Kind=Standard (No BOM)
Added Component: Designator=JP9(Jump2)
Added Component: Designator=Q16(SOT23-123)
Added Component: Designator=Q17(SOT23-123)
Added Component: Designator=R86(RES-SMD-0603)
Add component (AddParameter): Name = "Class"; Value = "Passive"; VariantName = "[No Variations]"
Add component (AddParameter): Name = "Manufacturer"; Value = "Generic Components"; VariantName = "[No Variations]"
Add component (AddParameter): Name = "PN"; Value = "ERJ-3EKF1002V"; VariantName = "[No Variations]"
Add component (AddParameter): Name = "Publisher"; Value = "Altium Hobart Technology Centre"; VariantName = "[No Variations]"
Added Component: Designator=R87(RES-SMD-0603)
Add component (AddParameter): Name = "Class"; Value = "Passive"; VariantName = "[No Variations]"
Add component (AddParameter): Name = "Manufacturer"; Value = "Generic Components"; VariantName = "[No Variations]"
Add component (AddParameter): Name = "PN"; Value = "ERJ-3EKF1002V"; VariantName = "[No Variations]"
Add component (AddParameter): Name = "Publisher"; Value = "Altium Hobart Technology Centre"; VariantName = "[No Variations]"
Added Component: Designator=R88(RES-SMD-0603)
Add component (AddParameter): Name = "Class"; Value = "Passive"; VariantName = "[No Variations]"
Add component (AddParameter): Name = "Manufacturer"; Value = "Generic Components"; VariantName = "[No Variations]"
Add component (AddParameter): Name = "PN"; Value = "ERJ-3EKF1002V"; VariantName = "[No Variations]"
Add component (AddParameter): Name = "Publisher"; Value = "Altium Hobart Technology Centre"; VariantName = "[No Variations]"
Added Component: Designator=R89(RES-SMD-0603)
Add component (AddParameter): Name = "Class"; Value = "Passive"; VariantName = "[No Variations]"
Add component (AddParameter): Name = "Manufacturer"; Value = "Generic Components"; VariantName = "[No Variations]"
Add component (AddParameter): Name = "PN"; Value = "ERJ-3EKF1002V"; VariantName = "[No Variations]"
Add component (AddParameter): Name = "Publisher"; Value = "Altium Hobart Technology Centre"; VariantName = "[No Variations]"
Added Pin To Net: NetName=CALL_SW Pin=JP8-1
Added Pin To Net: NetName=GND_S Pin=JP8-2
Added Pin To Net: NetName=+5 Pin=JP8-3
Added Pin To Net: NetName=GND Pin=JP8-4
Added Pin To Net: NetName=GND_S Pin=JP8-5
Added Pin To Net: NetName=CALL_HV Pin=JP8-6
Added Pin To Net: NetName=NetC120_1 Pin=JP9-2
Added Pin To Net: NetName=NetC120_1 Pin=Q16-3
Added Pin To Net: NetName=GND Pin=Q17-3
Added Pin To Net: NetName=RS232_TX1 Pin=R29A-2
Added Pin To Net: NetName=RS232_TX2 Pin=R29B-2
Added Pin To Net: NetName=RS232_RX1 Pin=R32A-2
Added Pin To Net: NetName=RS232_RX2 Pin=R32B-2
Added Pin To Net: NetName=NetC120_1 Pin=R86-2
Added Pin To Net: NetName=+5 Pin=R88-2
Added Pin To Net: NetName=GND Pin=R89-1
Added Pin To Net: NetName=+3P3_S Pin=U13-1
Added Pin To Net: NetName=NetC125_1 Pin=U13-7
Added Pin To Net: NetName=GND_S Pin=U13-12
Added Pin To Net: NetName=+3P3_S Pin=U13-13
Added Pin To Net: NetName=GND_S Pin=U13-18
Added Pin To Net: NetName=+3P3_S Pin=U13-19
Added Pin To Net: NetName=NetC129_1 Pin=U13-31
Added Pin To Net: NetName=+3P3_S Pin=U13-32
Added Pin To Net: NetName=NetC130_1 Pin=U13-47
Added Pin To Net: NetName=+3P3_S Pin=U13-48
Added Pin To Net: NetName=NetR31_1 Pin=U13-60
Added Pin To Net: NetName=GND_S Pin=U13-63
Added Pin To Net: NetName=+3P3_S Pin=U13-64
Change Net Name : Old Net Name=NetC120_1 New Net Name=VBAT
Added Pin To Net: NetName=NetJP9_1 Pin=JP9-1
Added Pin To Net: NetName=NetJP9_1 Pin=Q16-2
Added Pin To Net: NetName=NetJP9_1 Pin=R82-2
Added Net: Name=NetJP9_1
Added Pin To Net: NetName=NetQ16_1 Pin=Q16-1
Added Pin To Net: NetName=NetQ16_1 Pin=R86-1
Added Pin To Net: NetName=NetQ16_1 Pin=R87-2
Added Net: Name=NetQ16_1
Added Pin To Net: NetName=NetQ17_1 Pin=Q17-1
Added Pin To Net: NetName=NetQ17_1 Pin=R88-1
Added Pin To Net: NetName=NetQ17_1 Pin=R89-2
Added Net: Name=NetQ17_1
Added Pin To Net: NetName=NetQ17_2 Pin=Q17-2
Added Pin To Net: NetName=NetQ17_2 Pin=R87-1
Added Net: Name=NetQ17_2
Added Member To Class: ClassName=U_CHARGER Member=Component JP9 JUMP2
Added Member To Class: ClassName=U_CHARGER Member=Component Q16 AO3401
Added Member To Class: ClassName=U_CHARGER Member=Component Q17 AO3400
Added Member To Class: ClassName=U_CHARGER Member=Component R86 10k/1%
Added Member To Class: ClassName=U_CHARGER Member=Component R87 10k/1%
Added Member To Class: ClassName=U_CHARGER Member=Component R88 10k/1%
Added Member To Class: ClassName=U_CHARGER Member=Component R89 10k/1%
Added Rule: Name=Schematic Supply Nets_14
