Removed Pin From Net: NetName=GND_S Pin=JP7-4
Removed Pin From Net: NetName=CALL_HV Pin=JP7-5
Removed Pin From Net: NetName=CALL_SW Pin=JP7-6
Removed Pin From Net: NetName=GND_S Pin=R44-1
Removed Pin From Net: NetName=+12_S Pin=U6-A
Change Component Footprint: Designator=JP7 Old Footprint=JP3-C2T New Footprint=JP4-D2T
Change Component Comment : Designator=JP7 Old Comment=JP3x2 New Comment=JP4x2
Change component parameters: Designator = "JP7" ("JP7"); Footprint = "JP3-C2T"; UniqueID = "\HBSYJEOR\NPBSITZU" ("\HBSYJEOR\NPBSITZU")
Change component parameters (AddParameter): Name = "ComponentLink1 Description"; Value = "Manufacturer"; VariantName = "[No Variations]"
Change component parameters (AddParameter): Name = "ComponentLink1URL"; Value = "http://www.we-online.com"; VariantName = "[No Variations]"
Change component parameters (AddParameter): Name = "ComponentLink2 Description"; Value = "Datasheet"; VariantName = "[No Variations]"
Change component parameters (AddParameter): Name = "ComponentLink2URL"; Value = "http://katalog.we-online.de/em/datasheet/6130xx21821.pdf"; VariantName = "[No Variations]"
Change component parameters (AddParameter): Name = "Created by"; Value = "Karrer Zheng"; VariantName = "[No Variations]"
Change component parameters (AddParameter): Name = "Created Date"; Value = "29 March 2013"; VariantName = "[No Variations]"
Change component parameters (AddParameter): Name = "Manufacturer"; Value = "W¨¹rth Elektronik eiSos GmbH"; VariantName = "[No Variations]"
Change component parameters (AddParameter): Name = "NoPins"; Value = "08"; VariantName = "[No Variations]"
Change component parameters (AddParameter): Name = "partNo"; Value = "61300821821"; VariantName = "[No Variations]"
Added Pin To Net: NetName=GND_S Pin=JP7-6
Added Pin To Net: NetName=CALL_HV Pin=JP7-7
Added Pin To Net: NetName=CALL_SW Pin=JP7-8
Added Pin To Net: NetName=+12 Pin=JP7-4
Added Pin To Net: NetName=+12 Pin=U6-A
Added Net: Name=+12
Added Pin To Net: NetName=GND Pin=JP7-5
Added Pin To Net: NetName=GND Pin=R44-1
Added Net: Name=GND
Added Rule: Name=Schematic Supply Nets_11
Added Rule: Name=Schematic Supply Nets_12
